[7m>>> linphone4 4.4.8 Configuring[27m

(mkdir -p /work/ubuntu/emergunit_v2/output/build/linphone4-4.4.8/ && 
cd /work/ubuntu/emergunit_v2/output/build/linphone4-4.4.8/ && 
rm -f CMakeCache.txt && 
PATH="/work/ubuntu/emergunit_v2/output/host/bin:/work/ubuntu/emergunit_v2/output/host/sbin:/usr/local/sbin:/usr/local/bin:
/usr/sbin:/usr/bin:/sbin:/bin:/usr/games:/usr/local/games:/snap/bin"  

/work/ubuntu/emergunit_v2/output/host/bin/cmake /work/ubuntu/emergunit_v2/output/build/linphone4-4.4.8/ 
    -DCMAKE_TOOLCHAIN_FILE="/work/ubuntu/emergunit_v2/output/host/share/buildroot/toolchainfile.cmake" 
    -DCMAKE_INSTALL_PREFIX="/usr" 
    -DCMAKE_COLOR_MAKEFILE=OFF 
    -DBUILD_DOC=OFF -DBUILD_DOCS=OFF -DBUILD_EXAMPLE=OFF -DBUILD_EXAMPLES=OFF -DBUILD_TEST=OFF -DBUILD_TESTS=OFF -DBUILD_TESTING=OFF 
    -DBUILD_SHARED_LIBS=ON  -DENABLE_ADVANCED_IM=OFF -DENABLE_CXX_WRAPPER=OFF -DENABLE_DB_STORAGE=OFF -DENABLE_LIME=OFF 
    -DENABLE_LIME_X3DH=OFF -DENABLE_STRICT=OFF -DENABLE_TOOLS=OFF -DENABLE_TUTORIALS=OFF -DENABLE_UNIT_TESTS=OFF -DENABLE_VCARD=OFF 
    -DENABLE_VIDEO=OFF -DGIT_EXECUTABLE=OFF -DENABLE_STATIC=OFF -DENABLE_SHARED=ON )


-- The C compiler identification is GNU 6.4.0
-- The CXX compiler identification is GNU 6.4.0
-- Check for working C compiler: /work/ubuntu/emergunit_v2/output/host/bin/arm-buildroot-linux-uclibcgnueabihf-gcc
-- Check for working C compiler: /work/ubuntu/emergunit_v2/output/host/bin/arm-buildroot-linux-uclibcgnueabihf-gcc -- works
-- Detecting C compiler ABI info
-- Detecting C compiler ABI info - done
-- Detecting C compile features
-- Detecting C compile features - done
-- Check for working CXX compiler: /work/ubuntu/emergunit_v2/output/host/bin/arm-buildroot-linux-uclibcgnueabihf-g++
-- Check for working CXX compiler: /work/ubuntu/emergunit_v2/output/host/bin/arm-buildroot-linux-uclibcgnueabihf-g++ -- works
-- Detecting CXX compiler ABI info
-- Detecting CXX compiler ABI info - done
-- Detecting CXX compile features
-- Detecting CXX compile features - done
-- Looking for getifaddrs
-- Looking for getifaddrs - found
-- Setting install rpath to /usr/lib
CMake Error at CMakeLists.txt:119 (find_package):
  Could not find a package configuration file provided by "Mediastreamer2"
  with any of the following names:

    Mediastreamer2Config.cmake
    mediastreamer2-config.cmake

  Add the installation prefix of "Mediastreamer2" to CMAKE_PREFIX_PATH or set
  "Mediastreamer2_DIR" to a directory containing one of the above files.  If
  "Mediastreamer2" provides a separate development package or SDK, be sure it
  has been installed.


-- Configuring incomplete, errors occurred!
See also "/work/ubuntu/emergunit_v2/output/build/linphone4-4.4.8/CMakeFiles/CMakeOutput.log".
package/pkg-generic.mk:217: recipe for target '/work/ubuntu/emergunit_v2/output/build/linphone4-4.4.8/.stamp_configured' failed
make: *** [/work/ubuntu/emergunit_v2/output/build/linphone4-4.4.8/.stamp_configured] Error 1
